# /dev/cpu_dma_latency set to 0us
# Histogram
000007 000001
000008 000002
000009 000015
000010 000028
000011 000021
000012 000023
000013 000021
000014 000011
000015 000011
000016 000003
000017 000007
000018 000008
000019 000013
000020 000094
000021 000995
000022 000952
000023 000375
000024 000155
000025 000084
000026 000698
000027 001946
000028 002217
000029 005521
000030 028586
000031 009627
000032 004634
000033 001712
000034 000835
000035 000388
000036 000185
000037 000114
000038 000078
000039 000052
000040 000051
000041 000036
000042 000027
000043 000029
000044 000020
000045 000027
000046 000023
000047 000018
000048 000021
000049 000018
000050 000016
000051 000030
000052 000024
000053 000014
000054 000019
000055 000016
000056 000015
000057 000015
000058 000015
000059 000012
000060 000008
000061 000007
000062 000005
000063 000007
000064 000002
000065 000003
000066 000007
000067 000002
000068 000007
000069 000006
000070 000005
000071 000006
000072 000007
000073 000003
000074 000003
000075 000004
000076 000002
000077 000004
000078 000001
000079 000001
000081 000001
000082 000007
000083 000003
000085 000001
000087 000002
000088 000002
000091 000002
000093 000003
000094 000002
000096 000002
000097 000002
000098 000001
000099 000001
000102 000001
000103 000001
000106 000001
000108 000001
000120 000001
000123 000002
000124 000001
000128 000001
000130 000001
000133 000001
000135 000001
000149 000001
000160 000003
000169 000001
000176 000001
000289 000001
000303 000001
000319 000001
000688 000001
000727 000001
# Min Latencies: 00007
# Avg Latencies: 00030
# Max Latencies: 00727
# Histogram Overflows: 00000
# Histogram Overflow at cycle number:
# Thread 0: 

